c:\users\engin.mercan\documents\github\crawler\debug\vc110.pdb
c:\users\engin\documents\github\crawler\debug\vc120.pdb
c:\users\engin\documents\github\crawler\debug\vc120.idb
c:\users\engin\documents\github\crawler\debug\tools.obj
c:\users\engin\documents\github\crawler\debug\skill.obj
c:\users\engin\documents\github\crawler\debug\main.obj
c:\users\engin\documents\github\crawler\debug\crawler.ilk
c:\users\engin\documents\github\crawler\debug\crawler.exe
c:\users\engin\documents\github\crawler\debug\crawler.pdb
c:\users\engin\documents\github\crawler\debug\cl.command.1.tlog
c:\users\engin\documents\github\crawler\debug\cl.read.1.tlog
c:\users\engin\documents\github\crawler\debug\cl.write.1.tlog
c:\users\engin\documents\github\crawler\debug\vc110.idb
c:\users\engin\documents\github\crawler\debug\vc110.pdb
c:\users\engin\documents\github\crawler\debug\crawler.tlog\cl.command.1.tlog
c:\users\engin\documents\github\crawler\debug\crawler.tlog\cl.read.1.tlog
c:\users\engin\documents\github\crawler\debug\crawler.tlog\cl.write.1.tlog
c:\users\engin\documents\github\crawler\debug\crawler.tlog\link.command.1.tlog
c:\users\engin\documents\github\crawler\debug\crawler.tlog\link.read.1.tlog
c:\users\engin\documents\github\crawler\debug\crawler.tlog\link.write.1.tlog
