Build started 3/14/2015 03:25:14.
     1>Project "C:\Users\Engin\Documents\GitHub\crawler\crawler.vcxproj" on node 2 (Build target(s)).
     1>ClCompile:
         C:\Program Files (x86)\Microsoft Visual Studio 12.0\VC\bin\CL.exe /c /Zi /nologo /W3 /WX- /sdl /O2 /Oi /Oy- /GL /D _MBCS /Gm- /EHsc /MD /GS /Gy /fp:precise /Zc:wchar_t /Zc:forScope /Fo"Release\\" /Fd"Release\vc120.pdb" /Gd /TP /analyze- /errorReport:prompt CreatureGen.cpp Skill.cpp Tools.cpp main.cpp
         CreatureGen.cpp
         Skill.cpp
         Tools.cpp
         main.cpp
       Link:
         C:\Program Files (x86)\Microsoft Visual Studio 12.0\VC\bin\link.exe /ERRORREPORT:PROMPT /OUT:"C:\Users\Engin\Documents\GitHub\crawler\Release\crawler.exe" /NOLOGO libgcc.a pdcurses.a kernel32.lib user32.lib gdi32.lib winspool.lib comdlg32.lib advapi32.lib shell32.lib ole32.lib oleaut32.lib uuid.lib odbc32.lib odbccp32.lib kernel32.lib user32.lib gdi32.lib winspool.lib comdlg32.lib advapi32.lib shell32.lib ole32.lib oleaut32.lib uuid.lib odbc32.lib odbccp32.lib /MANIFEST /MANIFESTUAC:"level='asInvoker' uiAccess='false'" /manifest:embed /DEBUG /PDB:"C:\Users\Engin\Documents\GitHub\crawler\Release\crawler.pdb" /OPT:REF /OPT:ICF /LTCG /TLBID:1 /DYNAMICBASE /NXCOMPAT /IMPLIB:"C:\Users\Engin\Documents\GitHub\crawler\Release\crawler.lib" /MACHINE:X86 /SAFESEH:NO Release\CreatureGen.obj
         Release\main.obj
         Release\Skill.obj
         Release\Tools.obj
     1>MSVCRT.lib(secchk.obj) : warning LNK4078: multiple '.drectve' sections found with different attributes (00100A00)
         Generating code
         Finished generating code
         crawler.vcxproj -> C:\Users\Engin\Documents\GitHub\crawler\Release\crawler.exe
     1>Done Building Project "C:\Users\Engin\Documents\GitHub\crawler\crawler.vcxproj" (Build target(s)).

Build succeeded.

Time Elapsed 00:00:04.94
