C:\USERS\ENGIN.MERCAN\DOCUMENTS\GITHUB\CRAWLER\CRAWLER_WO\PROJECT1\DEBUG\MAIN.OBJ
C:\USERS\ENGIN.MERCAN\DOCUMENTS\GITHUB\CRAWLER\CRAWLER_WO\PROJECT1\DEBUG\SKILL.OBJ
C:\USERS\ENGIN.MERCAN\DOCUMENTS\GITHUB\CRAWLER\CRAWLER_WO\PROJECT1\DEBUG\TOOLS.OBJ
C:\USERS\ENGIN.MERCAN\DOCUMENTS\GITHUB\CRAWLER\CRAWLER_WO\PROJECT1\DEBUG\VC110.PDB
C:\USERS\ENGIN.MERCAN\DOCUMENTS\GITHUB\CRAWLER\CRAWLER_WO\DEBUG\PROJECT1.ILK
C:\USERS\ENGIN.MERCAN\DOCUMENTS\GITHUB\CRAWLER\CRAWLER_WO\DEBUG\PROJECT1.EXE
C:\USERS\ENGIN.MERCAN\DOCUMENTS\GITHUB\CRAWLER\CRAWLER_WO\DEBUG\PROJECT1.PDB
C:\Users\engin.mercan\Documents\GitHub\crawler\crawler_wo\Project1\Debug\main.obj
C:\Users\engin.mercan\Documents\GitHub\crawler\crawler_wo\Project1\Debug\Skill.obj
C:\Users\engin.mercan\Documents\GitHub\crawler\crawler_wo\Project1\Debug\Tools.obj
C:\Users\engin.mercan\Documents\GitHub\crawler\crawler_wo\Project1\Debug\cl.command.1.tlog
C:\Users\engin.mercan\Documents\GitHub\crawler\crawler_wo\Project1\Debug\CL.read.1.tlog
C:\Users\engin.mercan\Documents\GitHub\crawler\crawler_wo\Project1\Debug\CL.write.1.tlog
C:\Users\engin.mercan\Documents\GitHub\crawler\crawler_wo\Project1\Debug\link-cvtres.read.1.tlog
C:\Users\engin.mercan\Documents\GitHub\crawler\crawler_wo\Project1\Debug\link-cvtres.write.1.tlog
C:\Users\engin.mercan\Documents\GitHub\crawler\crawler_wo\Project1\Debug\link-rc.read.1.tlog
C:\Users\engin.mercan\Documents\GitHub\crawler\crawler_wo\Project1\Debug\link-rc.write.1.tlog
C:\Users\engin.mercan\Documents\GitHub\crawler\crawler_wo\Project1\Debug\link.6028-cvtres.read.1.tlog
C:\Users\engin.mercan\Documents\GitHub\crawler\crawler_wo\Project1\Debug\link.6028-cvtres.write.1.tlog
C:\Users\engin.mercan\Documents\GitHub\crawler\crawler_wo\Project1\Debug\link.6028-rc.read.1.tlog
C:\Users\engin.mercan\Documents\GitHub\crawler\crawler_wo\Project1\Debug\link.6028-rc.write.1.tlog
C:\Users\engin.mercan\Documents\GitHub\crawler\crawler_wo\Project1\Debug\link.6028.read.1.tlog
C:\Users\engin.mercan\Documents\GitHub\crawler\crawler_wo\Project1\Debug\link.6028.write.1.tlog
C:\Users\engin.mercan\Documents\GitHub\crawler\crawler_wo\Project1\Debug\link.command.1.tlog
C:\Users\engin.mercan\Documents\GitHub\crawler\crawler_wo\Project1\Debug\link.read.1.tlog
C:\Users\engin.mercan\Documents\GitHub\crawler\crawler_wo\Project1\Debug\link.write.1.tlog
C:\Users\engin.mercan\Documents\GitHub\crawler\crawler_wo\Project1\Debug\vc110.idb
C:\Users\engin.mercan\Documents\GitHub\crawler\crawler_wo\Project1\Debug\vc110.pdb
C:\Users\engin.mercan\Documents\GitHub\crawler\crawler_wo\Debug\Project1.pdb
C:\Users\engin.mercan\Documents\GitHub\crawler\crawler_wo\Debug\Project1.exe
C:\Users\engin.mercan\Documents\GitHub\crawler\crawler_wo\Debug\Project1.ilk
